SettingsQ_AOSP/SettingsQ/app/build/outputs/logs/manifest-merger-release-report.txt
-- Merging decision tree log ---
manifest
ADDED from src/main/AndroidManifest.xml:1:1-3279:12
INJECTED from src/main/AndroidManifest.xml:1:1-3279:12
INJECTED from src/main/AndroidManifest.xml:1:1-3279:12
INJECTED from src/main/AndroidManifest.xml:1:1-3279:12
MERGED from [com.google.android:multidex:0.1] AndroidManifest.xml:17:1-22:12
MERGED from [:appcompat-1.0.0:] AndroidManifest.xml:17:1-22:12
MERGED from [:recyclerview-1.0.0:] AndroidManifest.xml:17:1-22:12
MERGED from [:contextualcards:] AndroidManifest.xml:2:1-8:12
MERGED from [androidx.slice:slice-builders:1.0.0] AndroidManifest.xml:17:1-22:12
MERGED from [androidx.slice:slice-view:1.0.0] AndroidManifest.xml:17:1-22:12
MERGED from [androidx.slice:slice-core:1.0.0] AndroidManifest.xml:17:1-29:12
MERGED from [:androidx-preference-1.0.0:] AndroidManifest.xml:17:1-22:12
MERGED from [:cardview-1.0.0:] AndroidManifest.xml:17:1-22:12
MERGED from [:fragment-1.0.0:] AndroidManifest.xml:17:1-22:12
MERGED from [:core-1.0.0:] AndroidManifest.xml:17:1-24:12
MERGED from [:customview-1.0.0:] AndroidManifest.xml:17:1-22:12
MERGED from [:loader-1.0.0:] AndroidManifest.xml:17:1-22:12
MERGED from [:localbroadcastmanager-1.0.0:] AndroidManifest.xml:17:1-22:12
MERGED from [:coordinatorlayout-1.0.0:] AndroidManifest.xml:17:1-22:12
MERGED from [:drawerlayout-1.0.0:] AndroidManifest.xml:17:1-22:12
MERGED from [:mediarouter-1.0.0:] AndroidManifest.xml:17:1-22:12
MERGED from [:material-1.0.0:] AndroidManifest.xml:17:1-24:12
MERGED from [androidx.recyclerview:recyclerview:1.0.0] AndroidManifest.xml:17:1-22:12
MERGED from [androidx.appcompat:appcompat:1.0.0] AndroidManifest.xml:17:1-22:12
MERGED from [androidx.fragment:fragment:1.0.0] AndroidManifest.xml:17:1-22:12
MERGED from [androidx.vectordrawable:vectordrawable-animated:1.0.0] AndroidManifest.xml:17:1-22:12
MERGED from [androidx.legacy:legacy-support-core-ui:1.0.0] AndroidManifest.xml:17:1-22:12
MERGED from [androidx.legacy:legacy-support-core-utils:1.0.0] AndroidManifest.xml:17:1-22:12
MERGED from [androidx.vectordrawable:vectordrawable:1.0.0] AndroidManifest.xml:17:1-22:12
MERGED from [androidx.viewpager:viewpager:1.0.0] AndroidManifest.xml:17:1-22:12
MERGED from [androidx.coordinatorlayout:coordinatorlayout:1.0.0] AndroidManifest.xml:17:1-22:12
MERGED from [androidx.drawerlayout:drawerlayout:1.0.0] AndroidManifest.xml:17:1-22:12
MERGED from [androidx.slidingpanelayout:slidingpanelayout:1.0.0] AndroidManifest.xml:17:1-22:12
MERGED from [androidx.customview:customview:1.0.0] AndroidManifest.xml:17:1-22:12
MERGED from [androidx.swiperefreshlayout:swiperefreshlayout:1.0.0] AndroidManifest.xml:17:1-22:12
MERGED from [androidx.asynclayoutinflater:asynclayoutinflater:1.0.0] AndroidManifest.xml:17:1-22:12
MERGED from [androidx.loader:loader:1.0.0] AndroidManifest.xml:17:1-22:12
MERGED from [androidx.core:core:1.0.0] AndroidManifest.xml:17:1-24:12
MERGED from [androidx.versionedparcelable:versionedparcelable:1.0.0] AndroidManifest.xml:17:1-25:12
MERGED from [androidx.lifecycle:lifecycle-runtime:2.0.0] AndroidManifest.xml:17:1-22:12
MERGED from [androidx.lifecycle:lifecycle-livedata:2.0.0] AndroidManifest.xml:17:1-22:12
MERGED from [androidx.lifecycle:lifecycle-livedata-core:2.0.0] AndroidManifest.xml:17:1-22:12
MERGED from [androidx.arch.core:core-runtime:2.0.0] AndroidManifest.xml:17:1-22:12
MERGED from [androidx.cursoradapter:cursoradapter:1.0.0] AndroidManifest.xml:17:1-22:12
MERGED from [androidx.interpolator:interpolator:1.0.0] AndroidManifest.xml:17:1-22:12
MERGED from [androidx.documentfile:documentfile:1.0.0] AndroidManifest.xml:17:1-22:12
MERGED from [androidx.localbroadcastmanager:localbroadcastmanager:1.0.0] AndroidManifest.xml:17:1-22:12
MERGED from [androidx.print:print:1.0.0] AndroidManifest.xml:17:1-22:12
MERGED from [androidx.lifecycle:lifecycle-viewmodel:2.0.0] AndroidManifest.xml:17:1-22:12
INJECTED from src/main/AndroidManifest.xml:1:1-3279:12
INJECTED from src/main/AndroidManifest.xml:1:1-3279:12
INJECTED from src/main/AndroidManifest.xml:1:1-3279:12
	package
		ADDED from src/main/AndroidManifest.xml:3:9-39
		INJECTED from src/main/AndroidManifest.xml
		INJECTED from src/main/AndroidManifest.xml
	android:sharedUserId
		ADDED from src/main/AndroidManifest.xml:5:9-50
	android:versionName
		INJECTED from src/main/AndroidManifest.xml
		ADDED from src/main/AndroidManifest.xml:1:1-3279:12
		INJECTED from src/main/AndroidManifest.xml
	android:versionCode
		INJECTED from src/main/AndroidManifest.xml
		ADDED from src/main/AndroidManifest.xml:1:1-3279:12
		INJECTED from src/main/AndroidManifest.xml
	xmlns:android
		ADDED from src/main/AndroidManifest.xml:1:11-69
	coreApp
		ADDED from src/main/AndroidManifest.xml:4:9-23
	xmlns:androidprv
		ADDED from src/main/AndroidManifest.xml:2:9-74
original-package
ADDED from src/main/AndroidManifest.xml:7:5-61
	android:name
		ADDED from src/main/AndroidManifest.xml:7:23-58
uses-permission#android.permission.REQUEST_NETWORK_SCORES
ADDED from src/main/AndroidManifest.xml:9:5-81
	android:name
		ADDED from src/main/AndroidManifest.xml:9:22-78
uses-permission#android.permission.WRITE_MEDIA_STORAGE
ADDED from src/main/AndroidManifest.xml:10:5-78
	android:name
		ADDED from src/main/AndroidManifest.xml:10:22-75
uses-permission#android.permission.WRITE_EXTERNAL_STORAGE
ADDED from src/main/AndroidManifest.xml:11:5-81
	android:name
		ADDED from src/main/AndroidManifest.xml:11:22-78
uses-permission#android.permission.READ_EXTERNAL_STORAGE
ADDED from src/main/AndroidManifest.xml:12:5-80
	android:name
		ADDED from src/main/AndroidManifest.xml:12:22-77
uses-permission#android.permission.WRITE_SETTINGS
ADDED from src/main/AndroidManifest.xml:13:5-73
	android:name
		ADDED from src/main/AndroidManifest.xml:13:22-70
uses-permission#android.permission.WRITE_SECURE_SETTINGS
ADDED from src/main/AndroidManifest.xml:14:5-80
	android:name
		ADDED from src/main/AndroidManifest.xml:14:22-77
uses-permission#android.permission.DEVICE_POWER
ADDED from src/main/AndroidManifest.xml:15:5-71
	android:name
		ADDED from src/main/AndroidManifest.xml:15:22-68
uses-permission#android.permission.CHANGE_CONFIGURATION
ADDED from src/main/AndroidManifest.xml:16:5-79
	android:name
		ADDED from src/main/AndroidManifest.xml:16:22-76
uses-permission#android.permission.MOUNT_UNMOUNT_FILESYSTEMS
ADDED from src/main/AndroidManifest.xml:17:5-84
	android:name
		ADDED from src/main/AndroidManifest.xml:17:22-81
uses-permission#android.permission.VIBRATE
ADDED from src/main/AndroidManifest.xml:18:5-66
	android:name
		ADDED from src/main/AndroidManifest.xml:18:22-63
uses-permission#android.permission.BLUETOOTH
ADDED from src/main/AndroidManifest.xml:19:5-68
	android:name
		ADDED from src/main/AndroidManifest.xml:19:22-65
uses-permission#android.permission.BLUETOOTH_ADMIN
ADDED from src/main/AndroidManifest.xml:20:5-74
	android:name
		ADDED from src/main/AndroidManifest.xml:20:22-71
uses-permission#android.permission.BLUETOOTH_PRIVILEGED
ADDED from src/main/AndroidManifest.xml:21:5-79
	android:name
		ADDED from src/main/AndroidManifest.xml:21:22-76
uses-permission#android.permission.NFC
ADDED from src/main/AndroidManifest.xml:22:5-62
	android:name
		ADDED from src/main/AndroidManifest.xml:22:22-59
uses-permission#android.permission.HARDWARE_TEST
ADDED from src/main/AndroidManifest.xml:23:5-72
	android:name
		ADDED from src/main/AndroidManifest.xml:23:22-69
uses-permission#android.permission.CALL_PHONE
ADDED from src/main/AndroidManifest.xml:24:5-69
	android:name
		ADDED from src/main/AndroidManifest.xml:24:22-66
uses-permission#android.permission.MODIFY_AUDIO_SETTINGS
ADDED from src/main/AndroidManifest.xml:25:5-80
	android:name
		ADDED from src/main/AndroidManifest.xml:25:22-77
uses-permission#android.permission.MASTER_CLEAR
ADDED from src/main/AndroidManifest.xml:26:5-71
	android:name
		ADDED from src/main/AndroidManifest.xml:26:22-68
uses-permission#com.google.android.googleapps.permission.GOOGLE_AUTH
ADDED from src/main/AndroidManifest.xml:27:5-92
	android:name
		ADDED from src/main/AndroidManifest.xml:27:22-89
uses-permission#android.permission.ACCESS_DOWNLOAD_MANAGER
ADDED from src/main/AndroidManifest.xml:28:5-82
	android:name
		ADDED from src/main/AndroidManifest.xml:28:22-79
uses-permission#android.permission.READ_CONTACTS
ADDED from src/main/AndroidManifest.xml:29:5-72
	android:name
		ADDED from src/main/AndroidManifest.xml:29:22-69
uses-permission#android.permission.WRITE_CONTACTS
ADDED from src/main/AndroidManifest.xml:30:5-73
	android:name
		ADDED from src/main/AndroidManifest.xml:30:22-70
uses-permission#android.permission.ACCESS_NETWORK_STATE
ADDED from src/main/AndroidManifest.xml:31:5-79
	android:name
		ADDED from src/main/AndroidManifest.xml:31:22-76
uses-permission#android.permission.LOCAL_MAC_ADDRESS
ADDED from src/main/AndroidManifest.xml:32:5-76
	android:name
		ADDED from src/main/AndroidManifest.xml:32:22-73
uses-permission#android.permission.ACCESS_WIMAX_STATE
ADDED from src/main/AndroidManifest.xml:33:5-77
	android:name
		ADDED from src/main/AndroidManifest.xml:33:22-74
uses-permission#android.permission.CHANGE_WIMAX_STATE
ADDED from src/main/AndroidManifest.xml:34:5-77
	android:name
		ADDED from src/main/AndroidManifest.xml:34:22-74
uses-permission#android.permission.ACCESS_WIFI_STATE
ADDED from src/main/AndroidManifest.xml:35:5-76
	android:name
		ADDED from src/main/AndroidManifest.xml:35:22-73
uses-permission#com.android.certinstaller.INSTALL_AS_USER
ADDED from src/main/AndroidManifest.xml:36:5-81
	android:name
		ADDED from src/main/AndroidManifest.xml:36:22-78
uses-permission#android.permission.CHANGE_WIFI_STATE
ADDED from src/main/AndroidManifest.xml:37:5-76
	android:name
		ADDED from src/main/AndroidManifest.xml:37:22-73
uses-permission#android.permission.TETHER_PRIVILEGED
ADDED from src/main/AndroidManifest.xml:38:5-76
	android:name
		ADDED from src/main/AndroidManifest.xml:38:22-73
uses-permission#android.permission.FOREGROUND_SERVICE
ADDED from src/main/AndroidManifest.xml:39:5-76
	android:name
		ADDED from src/main/AndroidManifest.xml:39:22-74
uses-permission#android.permission.INTERNET
ADDED from src/main/AndroidManifest.xml:40:5-67
	android:name
		ADDED from src/main/AndroidManifest.xml:40:22-64
uses-permission#android.permission.CLEAR_APP_USER_DATA
ADDED from src/main/AndroidManifest.xml:41:5-78
	android:name
		ADDED from src/main/AndroidManifest.xml:41:22-75
uses-permission#android.permission.READ_PHONE_STATE
ADDED from src/main/AndroidManifest.xml:42:5-75
	android:name
		ADDED from src/main/AndroidManifest.xml:42:22-72
uses-permission#android.permission.MODIFY_PHONE_STATE
ADDED from src/main/AndroidManifest.xml:43:5-77
	android:name
		ADDED from src/main/AndroidManifest.xml:43:22-74
uses-permission#android.permission.ACCESS_FINE_LOCATION
ADDED from src/main/AndroidManifest.xml:44:5-78
	android:name
		ADDED from src/main/AndroidManifest.xml:44:22-76
uses-permission#android.permission.WRITE_APN_SETTINGS
ADDED from src/main/AndroidManifest.xml:45:5-76
	android:name
		ADDED from src/main/AndroidManifest.xml:45:22-74
uses-permission#android.permission.ACCESS_CHECKIN_PROPERTIES
ADDED from src/main/AndroidManifest.xml:46:5-83
	android:name
		ADDED from src/main/AndroidManifest.xml:46:22-81
uses-permission#android.permission.READ_USER_DICTIONARY
ADDED from src/main/AndroidManifest.xml:47:5-78
	android:name
		ADDED from src/main/AndroidManifest.xml:47:22-76
uses-permission#android.permission.WRITE_USER_DICTIONARY
ADDED from src/main/AndroidManifest.xml:48:5-79
	android:name
		ADDED from src/main/AndroidManifest.xml:48:22-77
uses-permission#android.permission.FORCE_STOP_PACKAGES
ADDED from src/main/AndroidManifest.xml:49:5-77
	android:name
		ADDED from src/main/AndroidManifest.xml:49:22-75
uses-permission#android.permission.PACKAGE_USAGE_STATS
ADDED from src/main/AndroidManifest.xml:50:5-77
	android:name
		ADDED from src/main/AndroidManifest.xml:50:22-75
uses-permission#android.permission.BATTERY_STATS
ADDED from src/main/AndroidManifest.xml:51:5-71
	android:name
		ADDED from src/main/AndroidManifest.xml:51:22-69
uses-permission#com.android.launcher.permission.READ_SETTINGS
ADDED from src/main/AndroidManifest.xml:52:5-85
	android:name
		ADDED from src/main/AndroidManifest.xml:52:22-82
uses-permission#com.android.launcher.permission.WRITE_SETTINGS
ADDED from src/main/AndroidManifest.xml:53:5-86
	android:name
		ADDED from src/main/AndroidManifest.xml:53:22-83
uses-permission#android.permission.MOVE_PACKAGE
ADDED from src/main/AndroidManifest.xml:54:5-71
	android:name
		ADDED from src/main/AndroidManifest.xml:54:22-68
uses-permission#android.permission.USE_CREDENTIALS
ADDED from src/main/AndroidManifest.xml:55:5-74
	android:name
		ADDED from src/main/AndroidManifest.xml:55:22-71
uses-permission#android.permission.BACKUP
ADDED from src/main/AndroidManifest.xml:56:5-65
	android:name
		ADDED from src/main/AndroidManifest.xml:56:22-62
uses-permission#android.permission.READ_SYNC_STATS
ADDED from src/main/AndroidManifest.xml:57:5-74
	android:name
		ADDED from src/main/AndroidManifest.xml:57:22-71
uses-permission#android.permission.READ_SYNC_SETTINGS
ADDED from src/main/AndroidManifest.xml:58:5-77
	android:name
		ADDED from src/main/AndroidManifest.xml:58:22-74
uses-permission#android.permission.WRITE_SYNC_SETTINGS
ADDED from src/main/AndroidManifest.xml:59:5-78
	android:name
		ADDED from src/main/AndroidManifest.xml:59:22-75
uses-permission#android.permission.READ_DEVICE_CONFIG
ADDED from src/main/AndroidManifest.xml:60:5-77
	android:name
		ADDED from src/main/AndroidManifest.xml:60:22-74
uses-permission#android.permission.STATUS_BAR
ADDED from src/main/AndroidManifest.xml:61:5-69
	android:name
		ADDED from src/main/AndroidManifest.xml:61:22-66
uses-permission#android.permission.MANAGE_USB
ADDED from src/main/AndroidManifest.xml:62:5-69
	android:name
		ADDED from src/main/AndroidManifest.xml:62:22-66
uses-permission#android.permission.MANAGE_DEBUGGING
ADDED from src/main/AndroidManifest.xml:63:5-75
	android:name
		ADDED from src/main/AndroidManifest.xml:63:22-72
uses-permission#android.permission.SET_POINTER_SPEED
ADDED from src/main/AndroidManifest.xml:64:5-76
	android:name
		ADDED from src/main/AndroidManifest.xml:64:22-73
uses-permission#android.permission.SET_KEYBOARD_LAYOUT
ADDED from src/main/AndroidManifest.xml:65:5-78
	android:name
		ADDED from src/main/AndroidManifest.xml:65:22-75
uses-permission#android.permission.INTERACT_ACROSS_USERS_FULL
ADDED from src/main/AndroidManifest.xml:66:5-85
	android:name
		ADDED from src/main/AndroidManifest.xml:66:22-82
uses-permission#android.permission.COPY_PROTECTED_DATA
ADDED from src/main/AndroidManifest.xml:67:5-78
	android:name
		ADDED from src/main/AndroidManifest.xml:67:22-75
uses-permission#android.permission.MANAGE_USERS
ADDED from src/main/AndroidManifest.xml:68:5-71
	android:name
		ADDED from src/main/AndroidManifest.xml:68:22-68
uses-permission#android.permission.MANAGE_PROFILE_AND_DEVICE_OWNERS
ADDED from src/main/AndroidManifest.xml:69:5-91
	android:name
		ADDED from src/main/AndroidManifest.xml:69:22-88
uses-permission#android.permission.READ_PROFILE
ADDED from src/main/AndroidManifest.xml:70:5-71
	android:name
		ADDED from src/main/AndroidManifest.xml:70:22-68
uses-permission#android.permission.CONFIGURE_WIFI_DISPLAY
ADDED from src/main/AndroidManifest.xml:71:5-81
	android:name
		ADDED from src/main/AndroidManifest.xml:71:22-78
uses-permission#android.permission.CONFIGURE_DISPLAY_COLOR_MODE
ADDED from src/main/AndroidManifest.xml:72:5-87
	android:name
		ADDED from src/main/AndroidManifest.xml:72:22-84
uses-permission#android.permission.CONTROL_DISPLAY_COLOR_TRANSFORMS
ADDED from src/main/AndroidManifest.xml:73:5-91
	android:name
		ADDED from src/main/AndroidManifest.xml:73:22-88
uses-permission#android.permission.SET_TIME
ADDED from src/main/AndroidManifest.xml:74:5-67
	android:name
		ADDED from src/main/AndroidManifest.xml:74:22-64
uses-permission#android.permission.ACCESS_NOTIFICATIONS
ADDED from src/main/AndroidManifest.xml:75:5-79
	android:name
		ADDED from src/main/AndroidManifest.xml:75:22-76
uses-permission#android.permission.REBOOT
ADDED from src/main/AndroidManifest.xml:76:5-65
	android:name
		ADDED from src/main/AndroidManifest.xml:76:22-62
uses-permission#android.permission.RECEIVE_BOOT_COMPLETED
ADDED from src/main/AndroidManifest.xml:77:5-81
	android:name
		ADDED from src/main/AndroidManifest.xml:77:22-78
uses-permission#android.permission.MANAGE_DEVICE_ADMINS
ADDED from src/main/AndroidManifest.xml:78:5-79
	android:name
		ADDED from src/main/AndroidManifest.xml:78:22-76
uses-permission#android.permission.READ_SEARCH_INDEXABLES
ADDED from src/main/AndroidManifest.xml:79:5-81
	android:name
		ADDED from src/main/AndroidManifest.xml:79:22-78
uses-permission#android.permission.BIND_SETTINGS_SUGGESTIONS_SERVICE
ADDED from src/main/AndroidManifest.xml:80:5-92
	android:name
		ADDED from src/main/AndroidManifest.xml:80:22-89
uses-permission#android.permission.OEM_UNLOCK_STATE
ADDED from src/main/AndroidManifest.xml:81:5-75
	android:name
		ADDED from src/main/AndroidManifest.xml:81:22-72
uses-permission#android.permission.MANAGE_USER_OEM_UNLOCK_STATE
ADDED from src/main/AndroidManifest.xml:82:5-87
	android:name
		ADDED from src/main/AndroidManifest.xml:82:22-84
uses-permission#android.permission.OVERRIDE_WIFI_CONFIG
ADDED from src/main/AndroidManifest.xml:83:5-79
	android:name
		ADDED from src/main/AndroidManifest.xml:83:22-76
uses-permission#android.permission.USE_FINGERPRINT
ADDED from src/main/AndroidManifest.xml:84:5-74
	android:name
		ADDED from src/main/AndroidManifest.xml:84:22-71
uses-permission#android.permission.MANAGE_FINGERPRINT
ADDED from src/main/AndroidManifest.xml:85:5-77
	android:name
		ADDED from src/main/AndroidManifest.xml:85:22-74
uses-permission#android.permission.USE_BIOMETRIC
ADDED from src/main/AndroidManifest.xml:86:5-72
	android:name
		ADDED from src/main/AndroidManifest.xml:86:22-69
uses-permission#android.permission.USE_BIOMETRIC_INTERNAL
ADDED from src/main/AndroidManifest.xml:87:5-81
	android:name
		ADDED from src/main/AndroidManifest.xml:87:22-78
uses-permission#android.permission.USER_ACTIVITY
ADDED from src/main/AndroidManifest.xml:88:5-72
	android:name
		ADDED from src/main/AndroidManifest.xml:88:22-69
uses-permission#android.permission.CHANGE_APP_IDLE_STATE
ADDED from src/main/AndroidManifest.xml:89:5-80
	android:name
		ADDED from src/main/AndroidManifest.xml:89:22-77
uses-permission#android.permission.PEERS_MAC_ADDRESS
ADDED from src/main/AndroidManifest.xml:90:5-75
	android:name
		ADDED from src/main/AndroidManifest.xml:90:22-73
uses-permission#android.permission.MANAGE_NOTIFICATIONS
ADDED from src/main/AndroidManifest.xml:91:5-78
	android:name
		ADDED from src/main/AndroidManifest.xml:91:22-76
uses-permission#android.permission.DELETE_PACKAGES
ADDED from src/main/AndroidManifest.xml:92:5-73
	android:name
		ADDED from src/main/AndroidManifest.xml:92:22-71
uses-permission#android.permission.REQUEST_DELETE_PACKAGES
ADDED from src/main/AndroidManifest.xml:93:5-82
	android:name
		ADDED from src/main/AndroidManifest.xml:93:22-79
uses-permission#android.permission.MANAGE_APP_OPS_RESTRICTIONS
ADDED from src/main/AndroidManifest.xml:94:5-85
	android:name
		ADDED from src/main/AndroidManifest.xml:94:22-83
uses-permission#android.permission.MANAGE_APP_OPS_MODES
ADDED from src/main/AndroidManifest.xml:95:5-79
	android:name
		ADDED from src/main/AndroidManifest.xml:95:22-76
uses-permission#android.permission.HIDE_NON_SYSTEM_OVERLAY_WINDOWS
ADDED from src/main/AndroidManifest.xml:96:5-89
	android:name
		ADDED from src/main/AndroidManifest.xml:96:22-87
uses-permission#android.permission.READ_PRINT_SERVICES
ADDED from src/main/AndroidManifest.xml:97:5-78
	android:name
		ADDED from src/main/AndroidManifest.xml:97:22-75
uses-permission#android.permission.NETWORK_SETTINGS
ADDED from src/main/AndroidManifest.xml:98:5-75
	android:name
		ADDED from src/main/AndroidManifest.xml:98:22-72
uses-permission#android.permission.TEST_BLACKLISTED_PASSWORD
ADDED from src/main/AndroidManifest.xml:99:5-84
	android:name
		ADDED from src/main/AndroidManifest.xml:99:22-81
uses-permission#android.permission.USE_RESERVED_DISK
ADDED from src/main/AndroidManifest.xml:100:5-76
	android:name
		ADDED from src/main/AndroidManifest.xml:100:22-73
uses-permission#android.permission.MANAGE_SCOPED_ACCESS_DIRECTORY_PERMISSIONS
ADDED from src/main/AndroidManifest.xml:101:5-101
	android:name
		ADDED from src/main/AndroidManifest.xml:101:22-98
uses-permission#android.permission.CAMERA
ADDED from src/main/AndroidManifest.xml:102:5-65
	android:name
		ADDED from src/main/AndroidManifest.xml:102:22-62
uses-permission#android.permission.MEDIA_CONTENT_CONTROL
ADDED from src/main/AndroidManifest.xml:103:5-80
	android:name
		ADDED from src/main/AndroidManifest.xml:103:22-77
application
ADDED from src/main/AndroidManifest.xml:105:5-3278:19
MERGED from [:contextualcards:] AndroidManifest.xml:5:5-6:19
MERGED from [:contextualcards:] AndroidManifest.xml:5:5-6:19
MERGED from [androidx.slice:slice-core:1.0.0] AndroidManifest.xml:22:5-27:19
MERGED from [androidx.slice:slice-core:1.0.0] AndroidManifest.xml:22:5-27:19
MERGED from [:core-1.0.0:] AndroidManifest.xml:22:5-89
MERGED from [:core-1.0.0:] AndroidManifest.xml:22:5-89
MERGED from [:material-1.0.0:] AndroidManifest.xml:22:5-20
MERGED from [:material-1.0.0:] AndroidManifest.xml:22:5-20
MERGED from [androidx.core:core:1.0.0] AndroidManifest.xml:22:5-89
MERGED from [androidx.core:core:1.0.0] AndroidManifest.xml:22:5-89
MERGED from [androidx.versionedparcelable:versionedparcelable:1.0.0] AndroidManifest.xml:22:5-23:19
MERGED from [androidx.versionedparcelable:versionedparcelable:1.0.0] AndroidManifest.xml:22:5-23:19
	android:backupAgent
		ADDED from src/main/AndroidManifest.xml:111:13-83
	android:supportsRtl
		ADDED from src/main/AndroidManifest.xml:110:13-39
	android:label
		ADDED from src/main/AndroidManifest.xml:105:18-56
	android:appComponentFactory
		ADDED from src/main/AndroidManifest.xml:115:13-81
	android:requiredForAllUsers
		ADDED from src/main/AndroidManifest.xml:109:13-47
	android:hardwareAccelerated
		ADDED from src/main/AndroidManifest.xml:108:13-47
	android:defaultToDeviceProtectedStorage
		ADDED from src/main/AndroidManifest.xml:113:13-59
	android:icon
		ADDED from src/main/AndroidManifest.xml:106:13-58
	android:theme
		ADDED from src/main/AndroidManifest.xml:107:13-50
	android:directBootAware
		ADDED from src/main/AndroidManifest.xml:114:13-43
	android:usesCleartextTraffic
		ADDED from src/main/AndroidManifest.xml:112:13-48
uses-library#org.apache.http.legacy
ADDED from src/main/AndroidManifest.xml:117:9-63
	android:name
		ADDED from src/main/AndroidManifest.xml:117:23-60
activity#com.android.settings.homepage.SettingsHomepageActivity
ADDED from src/main/AndroidManifest.xml:120:9-130:20
	android:label
		ADDED from src/main/AndroidManifest.xml:121:19-66
	android:launchMode
		ADDED from src/main/AndroidManifest.xml:123:19-50
	android:theme
		ADDED from src/main/AndroidManifest.xml:122:19-61
	android:name
		ADDED from src/main/AndroidManifest.xml:120:19-68
intent-filter#android.intent.category.DEFAULT+android.settings.SETTINGS
ADDED from src/main/AndroidManifest.xml:124:13-127:29
	android:priority
		ADDED from src/main/AndroidManifest.xml:124:28-48
action#android.settings.SETTINGS
ADDED from src/main/AndroidManifest.xml:125:17-68
	android:name
		ADDED from src/main/AndroidManifest.xml:125:25-65
category#android.intent.category.DEFAULT
ADDED from src/main/AndroidManifest.xml:126:17-76
	android:name
		ADDED from src/main/AndroidManifest.xml:126:27-73
meta-data#com.android.settings.PRIMARY_PROFILE_CONTROLLED
ADDED from src/main/AndroidManifest.xml:128:13-129:47
	android:value
		ADDED from src/main/AndroidManifest.xml:129:24-44
	android:name
		ADDED from src/main/AndroidManifest.xml:128:24-86
activity#com.android.settings.network.telephony.MobileNetworkActivity
ADDED from src/main/AndroidManifest.xml:132:9-142:20
	android:label
		ADDED from src/main/AndroidManifest.xml:133:19-65
	android:launchMode
		ADDED from src/main/AndroidManifest.xml:135:19-50
	android:theme
		ADDED from src/main/AndroidManifest.xml:134:19-61
	android:name
		ADDED from src/main/AndroidManifest.xml:132:19-74
intent-filter#android.intent.category.DEFAULT+android.settings.DATA_ROAMING_SETTINGS+android.settings.MMS_MESSAGE_SETTING+android.settings.NETWORK_OPERATOR_SETTINGS
ADDED from src/main/AndroidManifest.xml:136:13-141:29
	android:priority
		ADDED from src/main/AndroidManifest.xml:136:28-48
action#android.settings.NETWORK_OPERATOR_SETTINGS
ADDED from src/main/AndroidManifest.xml:137:17-85
	android:name
		ADDED from src/main/AndroidManifest.xml:137:25-82
action#android.settings.DATA_ROAMING_SETTINGS
ADDED from src/main/AndroidManifest.xml:138:17-81
	android:name
		ADDED from src/main/AndroidManifest.xml:138:25-78
action#android.settings.MMS_MESSAGE_SETTING
ADDED from src/main/AndroidManifest.xml:139:17-79
	android:name
		ADDED from src/main/AndroidManifest.xml:139:25-76
activity-alias#com.android.settings.Settings
ADDED from src/main/AndroidManifest.xml:145:9-155:26
	android:label
		ADDED from src/main/AndroidManifest.xml:146:17-64
	android:launchMode
		ADDED from src/main/AndroidManifest.xml:147:17-48
	android:targetActivity
		ADDED from src/main/AndroidManifest.xml:148:17-76
	android:name
		ADDED from src/main/AndroidManifest.xml:145:25-48
intent-filter#android.intent.action.MAIN+android.intent.category.DEFAULT+android.intent.category.LAUNCHER
ADDED from src/main/AndroidManifest.xml:149:13-153:29
action#android.intent.action.MAIN
ADDED from src/main/AndroidManifest.xml:150:17-69
	android:name
		ADDED from src/main/AndroidManifest.xml:150:25-66
category#android.intent.category.LAUNCHER
ADDED from src/main/AndroidManifest.xml:152:17-77
	android:name
		ADDED from src/main/AndroidManifest.xml:152:27-74
meta-data#android.app.shortcuts
ADDED from src/main/AndroidManifest.xml:154:13-96
	android:resource
		ADDED from src/main/AndroidManifest.xml:154:61-94
	android:name
		ADDED from src/main/AndroidManifest.xml:154:24-60
receiver#com.android.settings.SettingsInitialize
ADDED from src/main/AndroidManifest.xml:157:9-162:20
	android:name
		ADDED from src/main/AndroidManifest.xml:157:19-53
intent-filter#android.intent.action.PRE_BOOT_COMPLETED+android.intent.action.USER_INITIALIZE
ADDED from src/main/AndroidManifest.xml:158:13-161:29
action#android.intent.action.USER_INITIALIZE
ADDED from src/main/AndroidManifest.xml:159:17-79
	android:name
		ADDED from src/main/AndroidManifest.xml:159:25-77
action#android.intent.action.PRE_BOOT_COMPLETED
ADDED from src/main/AndroidManifest.xml:160:17-82
	android:name
		ADDED from src/main/AndroidManifest.xml:160:25-80
activity#com.android.settings.SubSettings
ADDED from src/main/AndroidManifest.xml:164:9-166:59
	android:parentActivityName
		ADDED from src/main/AndroidManifest.xml:165:17-54
	android:theme
		ADDED from src/main/AndroidManifest.xml:166:17-57
	android:name
		ADDED from src/main/AndroidManifest.xml:164:19-46
activity#com.android.settings.Settings$CreateShortcutActivity
ADDED from src/main/AndroidManifest.xml:168:9-177:20
	android:label
		ADDED from src/main/AndroidManifest.xml:169:19-60
	android:name
		ADDED from src/main/AndroidManifest.xml:168:19-66
intent-filter#android.intent.action.CREATE_SHORTCUT+android.intent.category.DEFAULT
ADDED from src/main/AndroidManifest.xml:170:13-173:29
action#android.intent.action.CREATE_SHORTCUT
ADDED from src/main/AndroidManifest.xml:171:17-80
	android:name
		ADDED from src/main/AndroidManifest.xml:171:25-77
meta-data#com.android.settings.FRAGMENT_CLASS
ADDED from src/main/AndroidManifest.xml:174:13-176:80
	android:value
		ADDED from src/main/AndroidManifest.xml:176:17-77
	android:name
		ADDED from src/main/AndroidManifest.xml:175:17-67
activity#com.android.settings.Settings$NetworkDashboardActivity
ADDED from src/main/AndroidManifest.xml:180:9-200:20
	android:parentActivityName
		ADDED from src/main/AndroidManifest.xml:184:13-50
	android:label
		ADDED from src/main/AndroidManifest.xml:182:13-60
	android:icon
		ADDED from src/main/AndroidManifest.xml:183:13-57
	android:name
		ADDED from src/main/AndroidManifest.xml:181:13-62
intent-filter#android.intent.category.DEFAULT+android.settings.AIRPLANE_MODE_SETTINGS+android.settings.WIRELESS_SETTINGS+com.android.settings.sim.SIM_SUB_INFO_SETTINGS
ADDED from src/main/AndroidManifest.xml:185:13-190:29
	android:priority
		ADDED from src/main/AndroidManifest.xml:185:28-48
action#android.settings.WIRELESS_SETTINGS
ADDED from src/main/AndroidManifest.xml:186:17-77
	android:name
		ADDED from src/main/AndroidManifest.xml:186:25-74
action#android.settings.AIRPLANE_MODE_SETTINGS
ADDED from src/main/AndroidManifest.xml:187:17-82
	android:name
		ADDED from src/main/AndroidManifest.xml:187:25-79
action#com.android.settings.sim.SIM_SUB_INFO_SETTINGS
ADDED from src/main/AndroidManifest.xml:188:17-89
	android:name
		ADDED from src/main/AndroidManifest.xml:188:25-86
intent-filter#android.intent.action.MAIN+android.intent.category.DEFAULT+android.intent.category.VOICE_LAUNCH
ADDED from src/main/AndroidManifest.xml:191:13-195:29
category#android.intent.category.VOICE_LAUNCH
ADDED from src/main/AndroidManifest.xml:194:17-81
	android:name
		ADDED from src/main/AndroidManifest.xml:194:27-78
activity#com.android.settings.Settings$MobileNetworkListActivity
ADDED from src/main/AndroidManifest.xml:202:9-213:20
	android:parentActivityName
		ADDED from src/main/AndroidManifest.xml:204:19-81
	android:label
		ADDED from src/main/AndroidManifest.xml:203:19-65
	android:name
		ADDED from src/main/AndroidManifest.xml:202:19-69
intent-filter#android.intent.category.DEFAULT+android.settings.MOBILE_NETWORK_LIST
ADDED from src/main/AndroidManifest.xml:205:13-208:29
	android:priority
		ADDED from src/main/AndroidManifest.xml:205:28-48
action#android.settings.MOBILE_NETWORK_LIST
ADDED from src/main/AndroidManifest.xml:206:17-79
	android:name